<?xml version="1.0" encoding="UTF-8"?>
<!-- Generated by org.testng.reporters.JUnitReportReporter -->
<testsuite skipped="0" hostname="HPAyyappaThalla" name="testcases.RestApiTestCase01" tests="1" failures="0" timestamp="2020-08-02T14:23:56 EDT" time="2.336" errors="0">
  <testcase name="restapi" time="2.336" classname="testcases.RestApiTestCase01"/>
  <system-out/>
</testsuite> <!-- testcases.RestApiTestCase01 -->
