<?xml version="1.0" encoding="UTF-8"?>
<!-- Generated by org.testng.reporters.JUnitReportReporter -->
<testsuite skipped="0" hostname="HPAyyappaThalla" name="testcases.Isdisplayed" tests="1" failures="0" timestamp="2020-08-11T14:04:13 EDT" time="22.804" errors="0">
  <testcase name="Login" time="22.804" classname="testcases.Isdisplayed"/>
  <system-out/>
</testsuite> <!-- testcases.Isdisplayed -->
